<?xml version="1.0" encoding="UTF-8"?>
<!-- Generated by org.testng.reporters.JUnitReportReporter -->
<testsuite skipped="0" hostname="Users-Device.local" name="com.qtx.testcases.TheInternet" tests="1" failures="0" timestamp="2020-03-05T14:09:49 EST" time="2.275" errors="0">
  <testcase name="canLogIn" time="2.275" classname="com.qtx.testcases.TheInternet"/>
</testsuite> <!-- com.qtx.testcases.TheInternet -->
