<?xml version="1.0" encoding="UTF-8"?>
<!-- Generated by org.testng.reporters.JUnitReportReporter -->
<testsuite skipped="0" hostname="Users-Device.home" name="NewTest" tests="2" failures="0" timestamp="2020-02-29T19:14:44 EST" time="0.039" errors="0">
  <testcase name="launchChromeDriver" time="0.037" classname="NewTest"/>
  <testcase name="myFirstTest" time="0.002" classname="NewTest"/>
</testsuite> <!-- NewTest -->
