<?xml version="1.0" encoding="UTF-8"?>
<!-- Generated by org.testng.reporters.JUnitReportReporter -->
<testsuite skipped="0" hostname="Users-Device.home" name="com.qtx.testcases.DropdownListTest" tests="1" failures="0" timestamp="2020-03-11T10:03:15 EDT" time="0.862" errors="0">
  <testcase name="canSelectDropdownListItem" time="0.862" classname="com.qtx.testcases.DropdownListTest"/>
</testsuite> <!-- com.qtx.testcases.DropdownListTest -->
