<?xml version="1.0" encoding="UTF-8"?>
<!-- Generated by org.testng.reporters.JUnitReportReporter -->
<testsuite skipped="0" hostname="Users-Device.local" name="TheInternet" tests="1" failures="0" timestamp="2020-03-05T12:07:32 EST" time="0.040" errors="0">
  <testcase name="canLogIn" time="0.040" classname="TheInternet"/>
</testsuite> <!-- TheInternet -->
