<?xml version="1.0" encoding="UTF-8"?>
<!-- Generated by org.testng.reporters.JUnitReportReporter -->
<testsuite skipped="0" hostname="Users-Device.local" name="com.qtx.testcases.DropdownListTest" tests="1" failures="0" timestamp="2020-03-05T14:10:21 EST" time="3.803" errors="0">
  <testcase name="canSelectFromDrowdown" time="3.803" classname="com.qtx.testcases.DropdownListTest"/>
</testsuite> <!-- com.qtx.testcases.DropdownListTest -->
