<?xml version="1.0" encoding="UTF-8"?>
<!-- Generated by org.testng.reporters.JUnitReportReporter -->
<testsuite skipped="0" hostname="Users-Device.home" name="NewTest" tests="2" failures="0" timestamp="2020-03-02T20:01:29 EST" time="0.034" errors="0">
  <testcase name="launchChromeDriver" time="0.030" classname="NewTest"/>
  <testcase name="myFirstTest" time="0.004" classname="NewTest"/>
</testsuite> <!-- NewTest -->
