<?xml version="1.0" encoding="UTF-8"?>
<!-- Generated by org.testng.reporters.JUnitReportReporter -->
<testsuite skipped="0" hostname="Users-Device.home" name="NewTest" tests="1" failures="0" timestamp="2020-02-27T20:54:39 EST" time="0.012" errors="0">
  <testcase name="myFirstTest" time="0.012" classname="NewTest"/>
</testsuite> <!-- NewTest -->
